0 info it worked if it ends with ok
1 verbose cli [ '/Users/sonnguyen/.nvm/versions/node/v5.12.0/bin/node',
1 verbose cli   '/Users/sonnguyen/.nvm/versions/node/v5.12.0/bin/npm',
1 verbose cli   'run',
1 verbose cli   'prepare' ]
2 info using npm@3.8.6
3 info using node@v5.12.0
4 verbose run-script [ 'prepare' ]
5 info lifecycle truffle-init-webpack@0.0.2~prepare: truffle-init-webpack@0.0.2
6 verbose lifecycle truffle-init-webpack@0.0.2~prepare: unsafe-perm in lifecycle true
7 verbose lifecycle truffle-init-webpack@0.0.2~prepare: PATH: /Users/sonnguyen/.nvm/versions/node/v5.12.0/lib/node_modules/npm/bin/node-gyp-bin:/Users/sonnguyen/Personal/Blockchain/auction-blockchain/node_modules/.bin:/Users/sonnguyen/.nvm/versions/node/v5.12.0/bin:/Users/sonnguyen/.nvm/versions/node/v5.12.0/bin:/usr/local/bin:/usr/bin:/bin:/usr/sbin:/sbin
8 verbose lifecycle truffle-init-webpack@0.0.2~prepare: CWD: /Users/sonnguyen/Personal/Blockchain/auction-blockchain
9 silly lifecycle truffle-init-webpack@0.0.2~prepare: Args: [ '-c',
9 silly lifecycle   'truffle compile && npm test && npm run lint && webpack-cli --config ./webpack.config.js' ]
10 silly lifecycle truffle-init-webpack@0.0.2~prepare: Returned: code: 1  signal: null
11 info lifecycle truffle-init-webpack@0.0.2~prepare: Failed to exec prepare script
12 verbose stack Error: truffle-init-webpack@0.0.2 prepare: `truffle compile && npm test && npm run lint && webpack-cli --config ./webpack.config.js`
12 verbose stack Exit status 1
12 verbose stack     at EventEmitter.<anonymous> (/Users/sonnguyen/.nvm/versions/node/v5.12.0/lib/node_modules/npm/lib/utils/lifecycle.js:239:16)
12 verbose stack     at emitTwo (events.js:100:13)
12 verbose stack     at EventEmitter.emit (events.js:185:7)
12 verbose stack     at ChildProcess.<anonymous> (/Users/sonnguyen/.nvm/versions/node/v5.12.0/lib/node_modules/npm/lib/utils/spawn.js:24:14)
12 verbose stack     at emitTwo (events.js:100:13)
12 verbose stack     at ChildProcess.emit (events.js:185:7)
12 verbose stack     at maybeClose (internal/child_process.js:850:16)
12 verbose stack     at Process.ChildProcess._handle.onexit (internal/child_process.js:215:5)
13 verbose pkgid truffle-init-webpack@0.0.2
14 verbose cwd /Users/sonnguyen/Personal/Blockchain/auction-blockchain
15 error Darwin 17.7.0
16 error argv "/Users/sonnguyen/.nvm/versions/node/v5.12.0/bin/node" "/Users/sonnguyen/.nvm/versions/node/v5.12.0/bin/npm" "run" "prepare"
17 error node v5.12.0
18 error npm  v3.8.6
19 error code ELIFECYCLE
20 error truffle-init-webpack@0.0.2 prepare: `truffle compile && npm test && npm run lint && webpack-cli --config ./webpack.config.js`
20 error Exit status 1
21 error Failed at the truffle-init-webpack@0.0.2 prepare script 'truffle compile && npm test && npm run lint && webpack-cli --config ./webpack.config.js'.
21 error Make sure you have the latest version of node.js and npm installed.
21 error If you do, this is most likely a problem with the truffle-init-webpack package,
21 error not with npm itself.
21 error Tell the author that this fails on your system:
21 error     truffle compile && npm test && npm run lint && webpack-cli --config ./webpack.config.js
21 error You can get information on how to open an issue for this project with:
21 error     npm bugs truffle-init-webpack
21 error Or if that isn't available, you can get their info via:
21 error     npm owner ls truffle-init-webpack
21 error There is likely additional logging output above.
22 verbose exit [ 1, true ]
